<?xml version="1.0" encoding="UTF-8"?>
<!-- Generated by org.testng.reporters.JUnitReportReporter -->
<testsuite hostname="LAPTOP-CQNS7U7F" name="com.TestNG.Login_credintials" tests="4" failures="0" timestamp="3 Jun 2019 07:27:25 GMT" time="0.016" errors="0">
  <testcase name="applicationlaunch" time="0.016" classname="com.TestNG.Login_credintials"/>
  <testcase name="login" time="0.000" classname="com.TestNG.Login_credintials"/>
  <testcase name="composemail" time="0.000" classname="com.TestNG.Login_credintials"/>
  <testcase name="draft" time="0.000" classname="com.TestNG.Login_credintials"/>
</testsuite> <!-- com.TestNG.Login_credintials -->
