<?xml version="1.0" encoding="UTF-8"?>
<!-- Generated by org.testng.reporters.JUnitReportReporter -->
<testsuite hostname="LAPTOP-CQNS7U7F" name="com.Datadriven.Datadriven_Keyword_Ohrms" tests="1" failures="0" timestamp="7 Jun 2019 05:41:46 GMT" time="18.024" errors="0">
  <testcase name="loginfunctionality" time="18.024" classname="com.Datadriven.Datadriven_Keyword_Ohrms"/>
</testsuite> <!-- com.Datadriven.Datadriven_Keyword_Ohrms -->
