<?xml version="1.0" encoding="UTF-8"?>
<!-- Generated by org.testng.reporters.JUnitReportReporter -->
<testsuite hostname="LAPTOP-CQNS7U7F" name="com.Datadriven.Ohrms_Login_functionality_Datadriven" tests="1" failures="0" timestamp="4 Jun 2019 11:29:42 GMT" time="8.453" errors="0">
  <testcase name="Ohrmslogin" time="8.453" classname="com.Datadriven.Ohrms_Login_functionality_Datadriven"/>
</testsuite> <!-- com.Datadriven.Ohrms_Login_functionality_Datadriven -->
