<?xml version="1.0" encoding="UTF-8"?>
<!-- Generated by org.testng.reporters.JUnitReportReporter -->
<testsuite hostname="LAPTOP-CQNS7U7F" name="com.Datadriven.Ohrms_PIM_Addemployee" tests="2" failures="0" timestamp="6 Jun 2019 16:33:51 GMT" time="16.030" errors="0">
  <testcase name="AddEmployee" time="5.997" classname="com.Datadriven.Ohrms_PIM_Addemployee"/>
  <testcase name="login" time="10.033" classname="com.Datadriven.Ohrms_PIM_Addemployee"/>
</testsuite> <!-- com.Datadriven.Ohrms_PIM_Addemployee -->
