<?xml version="1.0" encoding="UTF-8"?>
<!-- Generated by org.testng.reporters.JUnitReportReporter -->
<testsuite hostname="LAPTOP-CQNS7U7F" name="com.Datadrivenapproachframework.New_tours_login_Test" tests="1" failures="0" timestamp="7 Jun 2019 05:37:27 GMT" time="19.586" errors="0">
  <testcase name="login" time="19.586" classname="com.Datadrivenapproachframework.New_tours_login_Test"/>
</testsuite> <!-- com.Datadrivenapproachframework.New_tours_login_Test -->
