<?xml version="1.0" encoding="UTF-8"?>
<!-- Generated by org.testng.reporters.JUnitReportReporter -->
<testsuite hostname="LAPTOP-CQNS7U7F" name="com.Datadrivenapproachframework.Keyword" tests="1" failures="0" timestamp="7 Jun 2019 06:28:46 GMT" time="8.449" errors="0">
  <testcase name="loginNewtours" time="8.449" classname="com.Datadrivenapproachframework.Keyword"/>
</testsuite> <!-- com.Datadrivenapproachframework.Keyword -->
